[INFO ] 15:07:00 [main] TextReader: lll
[INFO ] 15:07:51 [main] TextReader: lll
[INFO ] 15:08:16 [main] TextReader: lll
[INFO ] 15:08:16 [main] TextReader: It * // 12 poi, has survived not only five centuries, but also the leap into electronic typesetting, remaining essentially unchanged.It was popularised in the with the release of Letraset sheets containing Lorem Ipsum passages, and more recently with desktop publishing software like Aldus PageMaker including versions of Lorem Ipsum..
It fun-fun is a long established fact that a reader will be distracted by the readable content of a page when looking at its layout.The point of using Ipsum is that it has a more-or-less normal distribution of letters, as opposed to using 'Content here, content here', making it look like readable English.Sinti uno..
It is a established fact that a reader will be of a page when looking at its layout..
Bye..

[INFO ] 15:09:09 [main] TextReader: lll
[INFO ] 15:09:09 [main] TextReader: It * // 12 poi, has survived not only five centuries, but also the leap into electronic typesetting, remaining essentially unchanged.It was popularised in the with the release of Letraset sheets containing Lorem Ipsum passages, and more recently with desktop publishing software like Aldus PageMaker including versions of Lorem Ipsum..
It fun-fun is a long established fact that a reader will be distracted by the readable content of a page when looking at its layout.The point of using Ipsum is that it has a more-or-less normal distribution of letters, as opposed to using 'Content here, content here', making it look like readable English.Sinti uno..
It is a established fact that a reader will be of a page when looking at its layout..
Bye..

[INFO ] 15:09:45 [main] TextReader: lll
[INFO ] 15:09:45 [main] TextReader: It * // 12 poi, has survived not only five centuries, but also the leap into electronic typesetting, remaining essentially unchanged.It was popularised in the with the release of Letraset sheets containing Lorem Ipsum passages, and more recently with desktop publishing software like Aldus PageMaker including versions of Lorem Ipsum..
It fun-fun is a long established fact that a reader will be distracted by the readable content of a page when looking at its layout.The point of using Ipsum is that it has a more-or-less normal distribution of letters, as opposed to using 'Content here, content here', making it look like readable English.Sinti uno..
It is a established fact that a reader will be of a page when looking at its layout..
Bye..

[INFO ] 15:11:53 [main] TextReader: It * // 12 poi, has survived not only five centuries, but also the leap into electronic typesetting, remaining essentially unchanged.It was popularised in the with the release of Letraset sheets containing Lorem Ipsum passages, and more recently with desktop publishing software like Aldus PageMaker including versions of Lorem Ipsum..
It fun-fun is a long established fact that a reader will be distracted by the readable content of a page when looking at its layout.The point of using Ipsum is that it has a more-or-less normal distribution of letters, as opposed to using 'Content here, content here', making it look like readable English.Sinti uno..
It is a established fact that a reader will be of a page when looking at its layout..
Bye..

[INFO ] 15:11:53 [main] TextReader: Not sorted sentence:
[INFO ] 15:11:53 [main] TextReader: It was popularised in the with the release of Letraset sheets containing Lorem Ipsum passages, and more recently with desktop publishing software like Aldus PageMaker including versions of Lorem Ipsum.
[INFO ] 15:11:53 [main] TextReader: Sorted sentence by word length:
[INFO ] 15:11:53 [main] TextReader: [It, in, of, of, was, the, the, and, with, more, with, like, Lorem, Ipsum, Aldus, Lorem, Ipsum, sheets, release, desktop, Letraset, passages, recently, software, versions, PageMaker, including, containing, publishing, popularised]
[INFO ] 15:11:53 [main] TextReader: [It fun-fun is a long established fact that a reader will be distracted by the readable content of a page when looking at its layout, The point of using Ipsum is that it has a more-or-less normal distribution of letters, as opposed to using 'Content here, content here', making it look like readable English, Sinti uno.]
[INFO ] 15:11:53 [main] TextReader: [Sinti uno., It fun-fun is a long established fact that a reader will be distracted by the readable content of a page when looking at its layout, The point of using Ipsum is that it has a more-or-less normal distribution of letters, as opposed to using 'Content here, content here', making it look like readable English]
[INFO ] 15:11:53 [main] TextReader: It is a established fact that a reader will be of a page when looking at its layout..
Bye..
It * // 12 poi, has survived not only five centuries, but also the leap into electronic typesetting, remaining essentially unchanged.It was popularised in the with the release of Letraset sheets containing Lorem Ipsum passages, and more recently with desktop publishing software like Aldus PageMaker including versions of Lorem Ipsum..
Sinti uno..It fun-fun is a long established fact that a reader will be distracted by the readable content of a page when looking at its layout.The point of using Ipsum is that it has a more-or-less normal distribution of letters, as opposed to using 'Content here, content here', making it look like readable English.

[INFO ] 15:12:33 [main] TextReader: It * // 12 poi, has survived not only five centuries, but also the leap into electronic typesetting, remaining essentially unchanged.It was popularised in the with the release of Letraset sheets containing Lorem Ipsum passages, and more recently with desktop publishing software like Aldus PageMaker including versions of Lorem Ipsum..
It fun-fun is a long established fact that a reader will be distracted by the readable content of a page when looking at its layout.The point of using Ipsum is that it has a more-or-less normal distribution of letters, as opposed to using 'Content here, content here', making it look like readable English.Sinti uno..
It is a established fact that a reader will be of a page when looking at its layout..
Bye..

[INFO ] 15:12:33 [main] TextReader: Not sorted sentence:
[INFO ] 15:12:33 [main] TextReader: It was popularised in the with the release of Letraset sheets containing Lorem Ipsum passages, and more recently with desktop publishing software like Aldus PageMaker including versions of Lorem Ipsum.
[INFO ] 15:12:33 [main] TextReader: Sorted sentence by word length:
[INFO ] 15:12:33 [main] TextReader: [It, in, of, of, was, the, the, and, with, more, with, like, Lorem, Ipsum, Aldus, Lorem, Ipsum, sheets, release, desktop, Letraset, passages, recently, software, versions, PageMaker, including, containing, publishing, popularised]
[INFO ] 15:12:33 [main] TextReader: [It fun-fun is a long established fact that a reader will be distracted by the readable content of a page when looking at its layout, The point of using Ipsum is that it has a more-or-less normal distribution of letters, as opposed to using 'Content here, content here', making it look like readable English, Sinti uno.]
[INFO ] 15:12:33 [main] TextReader: [Sinti uno., It fun-fun is a long established fact that a reader will be distracted by the readable content of a page when looking at its layout, The point of using Ipsum is that it has a more-or-less normal distribution of letters, as opposed to using 'Content here, content here', making it look like readable English]
[INFO ] 15:12:33 [main] TextReader: It is a established fact that a reader will be of a page when looking at its layout..
Bye..
It * // 12 poi, has survived not only five centuries, but also the leap into electronic typesetting, remaining essentially unchanged.It was popularised in the with the release of Letraset sheets containing Lorem Ipsum passages, and more recently with desktop publishing software like Aldus PageMaker including versions of Lorem Ipsum..
Sinti uno..It fun-fun is a long established fact that a reader will be distracted by the readable content of a page when looking at its layout.The point of using Ipsum is that it has a more-or-less normal distribution of letters, as opposed to using 'Content here, content here', making it look like readable English.

[INFO ] 15:12:55 [main] TextReader: It * // 12 poi, has survived not only five centuries, but also the leap into electronic typesetting, remaining essentially unchanged.It was popularised in the with the release of Letraset sheets containing Lorem Ipsum passages, and more recently with desktop publishing software like Aldus PageMaker including versions of Lorem Ipsum..
It fun-fun is a long established fact that a reader will be distracted by the readable content of a page when looking at its layout.The point of using Ipsum is that it has a more-or-less normal distribution of letters, as opposed to using 'Content here, content here', making it look like readable English.Sinti uno..
It is a established fact that a reader will be of a page when looking at its layout..
Bye..

[INFO ] 15:12:55 [main] TextReader: Not sorted sentence:
[INFO ] 15:12:55 [main] TextReader: It was popularised in the with the release of Letraset sheets containing Lorem Ipsum passages, and more recently with desktop publishing software like Aldus PageMaker including versions of Lorem Ipsum.
[INFO ] 15:12:55 [main] TextReader: Sorted sentence by word length:
[INFO ] 15:12:55 [main] TextReader: [It, in, of, of, was, the, the, and, with, more, with, like, Lorem, Ipsum, Aldus, Lorem, Ipsum, sheets, release, desktop, Letraset, passages, recently, software, versions, PageMaker, including, containing, publishing, popularised]
[INFO ] 15:12:55 [main] TextReader: [It fun-fun is a long established fact that a reader will be distracted by the readable content of a page when looking at its layout, The point of using Ipsum is that it has a more-or-less normal distribution of letters, as opposed to using 'Content here, content here', making it look like readable English, Sinti uno.]
[INFO ] 15:12:55 [main] TextReader: [Sinti uno., It fun-fun is a long established fact that a reader will be distracted by the readable content of a page when looking at its layout, The point of using Ipsum is that it has a more-or-less normal distribution of letters, as opposed to using 'Content here, content here', making it look like readable English]
[INFO ] 15:12:55 [main] TextReader: It is a established fact that a reader will be of a page when looking at its layout..
Bye..
It * // 12 poi, has survived not only five centuries, but also the leap into electronic typesetting, remaining essentially unchanged.It was popularised in the with the release of Letraset sheets containing Lorem Ipsum passages, and more recently with desktop publishing software like Aldus PageMaker including versions of Lorem Ipsum..
Sinti uno..It fun-fun is a long established fact that a reader will be distracted by the readable content of a page when looking at its layout.The point of using Ipsum is that it has a more-or-less normal distribution of letters, as opposed to using 'Content here, content here', making it look like readable English.

[INFO ] 15:15:23 [main] TextReader: It * // 12 poi, has survived not only five centuries, but also the leap into electronic typesetting, remaining essentially unchanged.It was popularised in the with the release of Letraset sheets containing Lorem Ipsum passages, and more recently with desktop publishing software like Aldus PageMaker including versions of Lorem Ipsum..
It fun-fun is a long established fact that a reader will be distracted by the readable content of a page when looking at its layout.The point of using Ipsum is that it has a more-or-less normal distribution of letters, as opposed to using 'Content here, content here', making it look like readable English.Sinti uno..
It is a established fact that a reader will be of a page when looking at its layout..
Bye..

[INFO ] 15:15:23 [main] TextReader: Not sorted sentence:
[INFO ] 15:15:23 [main] TextReader: It was popularised in the with the release of Letraset sheets containing Lorem Ipsum passages, and more recently with desktop publishing software like Aldus PageMaker including versions of Lorem Ipsum.
[INFO ] 15:15:23 [main] TextReader: Sorted sentence by word length:
[INFO ] 15:15:23 [main] TextReader: [It, in, of, of, was, the, the, and, with, more, with, like, Lorem, Ipsum, Aldus, Lorem, Ipsum, sheets, release, desktop, Letraset, passages, recently, software, versions, PageMaker, including, containing, publishing, popularised]
[INFO ] 15:15:23 [main] TextReader: [It fun-fun is a long established fact that a reader will be distracted by the readable content of a page when looking at its layout, The point of using Ipsum is that it has a more-or-less normal distribution of letters, as opposed to using 'Content here, content here', making it look like readable English, Sinti uno.]
[INFO ] 15:15:23 [main] TextReader: [Sinti uno., It fun-fun is a long established fact that a reader will be distracted by the readable content of a page when looking at its layout, The point of using Ipsum is that it has a more-or-less normal distribution of letters, as opposed to using 'Content here, content here', making it look like readable English]
[INFO ] 15:15:23 [main] TextReader: It is a established fact that a reader will be of a page when looking at its layout..
Bye..
It * // 12 poi, has survived not only five centuries, but also the leap into electronic typesetting, remaining essentially unchanged.It was popularised in the with the release of Letraset sheets containing Lorem Ipsum passages, and more recently with desktop publishing software like Aldus PageMaker including versions of Lorem Ipsum..
Sinti uno..It fun-fun is a long established fact that a reader will be distracted by the readable content of a page when looking at its layout.The point of using Ipsum is that it has a more-or-less normal distribution of letters, as opposed to using 'Content here, content here', making it look like readable English.

[INFO ] 15:16:00 [main] TextReader: It * // 12 poi, has survived not only five centuries, but also the leap into electronic typesetting, remaining essentially unchanged.It was popularised in the with the release of Letraset sheets containing Lorem Ipsum passages, and more recently with desktop publishing software like Aldus PageMaker including versions of Lorem Ipsum..
It fun-fun is a long established fact that a reader will be distracted by the readable content of a page when looking at its layout.The point of using Ipsum is that it has a more-or-less normal distribution of letters, as opposed to using 'Content here, content here', making it look like readable English.Sinti uno..
It is a established fact that a reader will be of a page when looking at its layout..
Bye..

[INFO ] 15:16:00 [main] TextReader: Not sorted sentence:
[INFO ] 15:16:00 [main] TextReader: It was popularised in the with the release of Letraset sheets containing Lorem Ipsum passages, and more recently with desktop publishing software like Aldus PageMaker including versions of Lorem Ipsum.
[INFO ] 15:16:00 [main] TextReader: Sorted sentence by word length:
[INFO ] 15:16:00 [main] TextReader: [It, in, of, of, was, the, the, and, with, more, with, like, Lorem, Ipsum, Aldus, Lorem, Ipsum, sheets, release, desktop, Letraset, passages, recently, software, versions, PageMaker, including, containing, publishing, popularised]
[INFO ] 15:16:00 [main] TextReader: [It fun-fun is a long established fact that a reader will be distracted by the readable content of a page when looking at its layout, The point of using Ipsum is that it has a more-or-less normal distribution of letters, as opposed to using 'Content here, content here', making it look like readable English, Sinti uno.]
[INFO ] 15:16:00 [main] TextReader: [Sinti uno., It fun-fun is a long established fact that a reader will be distracted by the readable content of a page when looking at its layout, The point of using Ipsum is that it has a more-or-less normal distribution of letters, as opposed to using 'Content here, content here', making it look like readable English]
[INFO ] 15:16:00 [main] TextReader: It is a established fact that a reader will be of a page when looking at its layout..
Bye..
It * // 12 poi, has survived not only five centuries, but also the leap into electronic typesetting, remaining essentially unchanged.It was popularised in the with the release of Letraset sheets containing Lorem Ipsum passages, and more recently with desktop publishing software like Aldus PageMaker including versions of Lorem Ipsum..
Sinti uno..It fun-fun is a long established fact that a reader will be distracted by the readable content of a page when looking at its layout.The point of using Ipsum is that it has a more-or-less normal distribution of letters, as opposed to using 'Content here, content here', making it look like readable English.

[INFO ] 15:23:30 [main] TextReader: It * // 12 poi, has survived not only five centuries, but also the leap into electronic typesetting, remaining essentially unchanged.It was popularised in the with the release of Letraset sheets containing Lorem Ipsum passages, and more recently with desktop publishing software like Aldus PageMaker including versions of Lorem Ipsum..
It fun-fun is a long established fact that a reader will be distracted by the readable content of a page when looking at its layout.The point of using Ipsum is that it has a more-or-less normal distribution of letters, as opposed to using 'Content here, content here', making it look like readable English.Sinti uno..
It is a established fact that a reader will be of a page when looking at its layout..
Bye..

[INFO ] 15:23:30 [main] TextReader: Not sorted sentence:
[INFO ] 15:23:30 [main] TextReader: It was popularised in the with the release of Letraset sheets containing Lorem Ipsum passages, and more recently with desktop publishing software like Aldus PageMaker including versions of Lorem Ipsum.
[INFO ] 15:23:30 [main] TextReader: Sorted sentence by word length:
[INFO ] 15:23:30 [main] TextReader: [It, in, of, of, was, the, the, and, with, more, with, like, Lorem, Ipsum, Aldus, Lorem, Ipsum, sheets, release, desktop, Letraset, passages, recently, software, versions, PageMaker, including, containing, publishing, popularised]
[INFO ] 15:23:30 [main] TextReader: [It fun-fun is a long established fact that a reader will be distracted by the readable content of a page when looking at its layout, The point of using Ipsum is that it has a more-or-less normal distribution of letters, as opposed to using 'Content here, content here', making it look like readable English, Sinti uno.]
[INFO ] 15:23:30 [main] TextReader: [Sinti uno., It fun-fun is a long established fact that a reader will be distracted by the readable content of a page when looking at its layout, The point of using Ipsum is that it has a more-or-less normal distribution of letters, as opposed to using 'Content here, content here', making it look like readable English]
[INFO ] 15:23:30 [main] TextReader: It is a established fact that a reader will be of a page when looking at its layout..
Bye..
It * // 12 poi, has survived not only five centuries, but also the leap into electronic typesetting, remaining essentially unchanged.It was popularised in the with the release of Letraset sheets containing Lorem Ipsum passages, and more recently with desktop publishing software like Aldus PageMaker including versions of Lorem Ipsum..
Sinti uno..It fun-fun is a long established fact that a reader will be distracted by the readable content of a page when looking at its layout.The point of using Ipsum is that it has a more-or-less normal distribution of letters, as opposed to using 'Content here, content here', making it look like readable English.

[INFO ] 15:24:58 [main] TextReader: It * // 12 poi, has survived not only five centuries, but also the leap into electronic typesetting, remaining essentially unchanged.It was popularised in the with the release of Letraset sheets containing Lorem Ipsum passages, and more recently with desktop publishing software like Aldus PageMaker including versions of Lorem Ipsum..
It fun-fun is a long established fact that a reader will be distracted by the readable content of a page when looking at its layout.The point of using Ipsum is that it has a more-or-less normal distribution of letters, as opposed to using 'Content here, content here', making it look like readable English.Sinti uno..
It is a established fact that a reader will be of a page when looking at its layout..
Bye..

[INFO ] 15:24:58 [main] TextReader: Not sorted sentence:
[INFO ] 15:24:58 [main] TextReader: It was popularised in the with the release of Letraset sheets containing Lorem Ipsum passages, and more recently with desktop publishing software like Aldus PageMaker including versions of Lorem Ipsum.
[INFO ] 15:24:58 [main] TextReader: Sorted sentence by word length:
[INFO ] 15:24:58 [main] TextReader: [It, in, of, of, was, the, the, and, with, more, with, like, Lorem, Ipsum, Aldus, Lorem, Ipsum, sheets, release, desktop, Letraset, passages, recently, software, versions, PageMaker, including, containing, publishing, popularised]
[INFO ] 15:24:58 [main] TextReader: [It fun-fun is a long established fact that a reader will be distracted by the readable content of a page when looking at its layout, The point of using Ipsum is that it has a more-or-less normal distribution of letters, as opposed to using 'Content here, content here', making it look like readable English, Sinti uno.]
[INFO ] 15:24:58 [main] TextReader: [Sinti uno., It fun-fun is a long established fact that a reader will be distracted by the readable content of a page when looking at its layout, The point of using Ipsum is that it has a more-or-less normal distribution of letters, as opposed to using 'Content here, content here', making it look like readable English]
[INFO ] 15:24:58 [main] TextReader: It is a established fact that a reader will be of a page when looking at its layout..
Bye..
It * // 12 poi, has survived not only five centuries, but also the leap into electronic typesetting, remaining essentially unchanged.It was popularised in the with the release of Letraset sheets containing Lorem Ipsum passages, and more recently with desktop publishing software like Aldus PageMaker including versions of Lorem Ipsum..
Sinti uno..It fun-fun is a long established fact that a reader will be distracted by the readable content of a page when looking at its layout.The point of using Ipsum is that it has a more-or-less normal distribution of letters, as opposed to using 'Content here, content here', making it look like readable English.

[INFO ] 15:25:51 [main] TextReader: It * // 12 poi, has survived not only five centuries, but also the leap into electronic typesetting, remaining essentially unchanged.It was popularised in the with the release of Letraset sheets containing Lorem Ipsum passages, and more recently with desktop publishing software like Aldus PageMaker including versions of Lorem Ipsum..
It fun-fun is a long established fact that a reader will be distracted by the readable content of a page when looking at its layout.The point of using Ipsum is that it has a more-or-less normal distribution of letters, as opposed to using 'Content here, content here', making it look like readable English.Sinti uno..
It is a established fact that a reader will be of a page when looking at its layout..
Bye..

[INFO ] 15:25:51 [main] TextReader: Not sorted sentence:
[INFO ] 15:25:51 [main] TextReader: It was popularised in the with the release of Letraset sheets containing Lorem Ipsum passages, and more recently with desktop publishing software like Aldus PageMaker including versions of Lorem Ipsum.
[INFO ] 15:25:51 [main] TextReader: Sorted sentence by word length:
[INFO ] 15:25:51 [main] TextReader: [It, in, of, of, was, the, the, and, with, more, with, like, Lorem, Ipsum, Aldus, Lorem, Ipsum, sheets, release, desktop, Letraset, passages, recently, software, versions, PageMaker, including, containing, publishing, popularised]
[INFO ] 15:25:51 [main] TextReader: [It fun-fun is a long established fact that a reader will be distracted by the readable content of a page when looking at its layout, The point of using Ipsum is that it has a more-or-less normal distribution of letters, as opposed to using 'Content here, content here', making it look like readable English, Sinti uno.]
[INFO ] 15:25:51 [main] TextReader: [Sinti uno., It fun-fun is a long established fact that a reader will be distracted by the readable content of a page when looking at its layout, The point of using Ipsum is that it has a more-or-less normal distribution of letters, as opposed to using 'Content here, content here', making it look like readable English]
[INFO ] 15:25:51 [main] TextReader: It is a established fact that a reader will be of a page when looking at its layout..
Bye..
It * // 12 poi, has survived not only five centuries, but also the leap into electronic typesetting, remaining essentially unchanged.It was popularised in the with the release of Letraset sheets containing Lorem Ipsum passages, and more recently with desktop publishing software like Aldus PageMaker including versions of Lorem Ipsum..
Sinti uno..It fun-fun is a long established fact that a reader will be distracted by the readable content of a page when looking at its layout.The point of using Ipsum is that it has a more-or-less normal distribution of letters, as opposed to using 'Content here, content here', making it look like readable English.

